{"/Users/zane/.liq/playground/liquid-labs/liq-orgs/src/setup.mjs": {"path":"/Users/zane/.liq/playground/liquid-labs/liq-orgs/src/setup.mjs","statementMap":{"0":{"start":{"line":1,"column":0},"end":{"line":1,"column":null}},"1":{"start":{"line":3,"column":0},"end":{"line":3,"column":null}},"2":{"start":{"line":5,"column":14},"end":{"line":22,"column":1}},"3":{"start":{"line":6,"column":2},"end":{"line":10,"column":null}},"4":{"start":{"line":9,"column":26},"end":{"line":9,"column":70}},"5":{"start":{"line":11,"column":2},"end":{"line":14,"column":null}},"6":{"start":{"line":15,"column":2},"end":{"line":19,"column":null}},"7":{"start":{"line":21,"column":2},"end":{"line":21,"column":null}},"8":{"start":{"line":22,"column":1},"end":{"line":22,"column":null}},"9":{"start":{"line":24,"column":17},"end":{"line":35,"column":1}},"10":{"start":{"line":25,"column":19},"end":{"line":25,"column":21}},"11":{"start":{"line":26,"column":2},"end":{"line":26,"column":null}},"12":{"start":{"line":27,"column":32},"end":{"line":27,"column":52}},"13":{"start":{"line":28,"column":2},"end":{"line":34,"column":null}},"14":{"start":{"line":29,"column":37},"end":{"line":29,"column":78}},"15":{"start":{"line":31,"column":4},"end":{"line":33,"column":null}},"16":{"start":{"line":32,"column":6},"end":{"line":32,"column":null}},"17":{"start":{"line":37,"column":16},"end":{"line":42,"column":1}},"18":{"start":{"line":38,"column":28},"end":{"line":38,"column":35}},"19":{"start":{"line":39,"column":20},"end":{"line":39,"column":38}},"20":{"start":{"line":41,"column":2},"end":{"line":41,"column":null}},"21":{"start":{"line":44,"column":24},"end":{"line":55,"column":1}},"22":{"start":{"line":45,"column":23},"end":{"line":45,"column":83}},"23":{"start":{"line":46,"column":2},"end":{"line":52,"column":null}},"24":{"start":{"line":47,"column":4},"end":{"line":51,"column":null}},"25":{"start":{"line":48,"column":22},"end":{"line":48,"column":47}},"26":{"start":{"line":49,"column":26},"end":{"line":49,"column":75}},"27":{"start":{"line":50,"column":6},"end":{"line":50,"column":null}},"28":{"start":{"line":53,"column":2},"end":{"line":53,"column":null}},"29":{"start":{"line":54,"column":2},"end":{"line":54,"column":null}},"30":{"start":{"line":57,"column":27},"end":{"line":62,"column":1}},"31":{"start":{"line":58,"column":2},"end":{"line":61,"column":null}},"32":{"start":{"line":60,"column":34},"end":{"line":60,"column":null}}},"fnMap":{"0":{"name":"(anonymous_0)","decl":{"start":{"line":5,"column":14},"end":{"line":5,"column":15}},"loc":{"start":{"line":5,"column":37},"end":{"line":22,"column":1}}},"1":{"name":"(anonymous_1)","decl":{"start":{"line":9,"column":11},"end":{"line":9,"column":12}},"loc":{"start":{"line":9,"column":24},"end":{"line":9,"column":null}}},"2":{"name":"(anonymous_2)","decl":{"start":{"line":24,"column":17},"end":{"line":24,"column":18}},"loc":{"start":{"line":24,"column":40},"end":{"line":35,"column":1}}},"3":{"name":"(anonymous_3)","decl":{"start":{"line":37,"column":16},"end":{"line":37,"column":17}},"loc":{"start":{"line":37,"column":56},"end":{"line":42,"column":1}}},"4":{"name":"(anonymous_4)","decl":{"start":{"line":44,"column":24},"end":{"line":44,"column":30}},"loc":{"start":{"line":44,"column":59},"end":{"line":55,"column":1}}},"5":{"name":"(anonymous_5)","decl":{"start":{"line":57,"column":27},"end":{"line":57,"column":28}},"loc":{"start":{"line":57,"column":40},"end":{"line":62,"column":1}}},"6":{"name":"(anonymous_6)","decl":{"start":{"line":60,"column":21},"end":{"line":60,"column":22}},"loc":{"start":{"line":60,"column":34},"end":{"line":60,"column":null}}}},"branchMap":{"0":{"loc":{"start":{"line":31,"column":4},"end":{"line":33,"column":null}},"type":"if","locations":[{"start":{"line":31,"column":4},"end":{"line":33,"column":null}}]},"1":{"loc":{"start":{"line":31,"column":8},"end":{"line":31,"column":32}},"type":"cond-expr","locations":[{"start":{"line":31,"column":19},"end":{"line":31,"column":21}},{"start":{"line":31,"column":8},"end":{"line":31,"column":32}}]},"2":{"loc":{"start":{"line":31,"column":8},"end":{"line":31,"column":21}},"type":"binary-expr","locations":[{"start":{"line":31,"column":8},"end":{"line":31,"column":21}},{"start":{"line":31,"column":19},"end":{"line":31,"column":21}}]}},"s":{"0":0,"1":0,"2":0,"3":0,"4":0,"5":0,"6":0,"7":0,"8":0,"9":0,"10":0,"11":0,"12":0,"13":0,"14":0,"15":0,"16":0,"17":0,"18":0,"19":0,"20":0,"21":0,"22":0,"23":0,"24":0,"25":0,"26":0,"27":0,"28":0,"29":0,"30":0,"31":0,"32":0},"f":{"0":0,"1":0,"2":0,"3":0,"4":0,"5":0,"6":0},"b":{"0":[0],"1":[0,0],"2":[0,0]}}
,"/Users/zane/.liq/playground/liquid-labs/liq-orgs/src/handlers/orgs/create.mjs": {"path":"/Users/zane/.liq/playground/liquid-labs/liq-orgs/src/handlers/orgs/create.mjs","statementMap":{"0":{"start":{"line":1,"column":0},"end":{"line":1,"column":38}},"1":{"start":{"line":1,"column":38},"end":{"line":1,"column":null}},"2":{"start":{"line":3,"column":10},"end":{"line":9,"column":1}},"3":{"start":{"line":11,"column":12},"end":{"line":11,"column":21}},"4":{"start":{"line":12,"column":10},"end":{"line":12,"column":45}},"5":{"start":{"line":13,"column":16},"end":{"line":27,"column":null}},"6":{"start":{"line":30,"column":13},"end":{"line":38,"column":1}},"7":{"start":{"line":30,"column":26},"end":{"line":38,"column":1}},"8":{"start":{"line":32,"column":72},"end":{"line":32,"column":80}},"9":{"start":{"line":33,"column":23},"end":{"line":33,"column":45}},"10":{"start":{"line":35,"column":2},"end":{"line":35,"column":null}},"11":{"start":{"line":38,"column":1},"end":{"line":38,"column":null}}},"fnMap":{"0":{"name":"_getRequireWildcardCache","decl":{"start":{"line":1,"column":38},"end":{"line":1,"column":null}},"loc":{"start":{"line":1,"column":38},"end":{"line":1,"column":null}}},"1":{"name":"(anonymous_3)","decl":{"start":{"line":30,"column":13},"end":{"line":30,"column":14}},"loc":{"start":{"line":30,"column":26},"end":{"line":38,"column":1}}},"2":{"name":"(anonymous_4)","decl":{"start":{"line":30,"column":26},"end":{"line":30,"column":32}},"loc":{"start":{"line":30,"column":45},"end":{"line":38,"column":1}}}},"branchMap":{"0":{"loc":{"start":{"line":1,"column":38},"end":{"line":1,"column":null}},"type":"if","locations":[{"start":{"line":1,"column":38},"end":{"line":1,"column":null}}]},"1":{"loc":{"start":{"line":1,"column":38},"end":{"line":1,"column":null}},"type":"cond-expr","locations":[{"start":{"line":1,"column":38},"end":{"line":1,"column":null}},{"start":{"line":1,"column":38},"end":{"line":1,"column":null}}]},"2":{"loc":{"start":{"line":1,"column":38},"end":{"line":1,"column":null}},"type":"binary-expr","locations":[{"start":{"line":1,"column":38},"end":{"line":1,"column":null}},{"start":{"line":1,"column":38},"end":{"line":1,"column":null}},{"start":{"line":1,"column":38},"end":{"line":1,"column":null}}]}},"s":{"0":0,"1":0,"2":0,"3":0,"4":0,"5":0,"6":0,"7":0,"8":0,"9":0,"10":0,"11":0},"f":{"0":0,"1":0,"2":0},"b":{"0":[0],"1":[0,0],"2":[0,0,0]}}
,"/Users/zane/.liq/playground/liquid-labs/liq-orgs/src/handlers/orgs/list.mjs": {"path":"/Users/zane/.liq/playground/liquid-labs/liq-orgs/src/handlers/orgs/list.mjs","statementMap":{"0":{"start":{"line":1,"column":0},"end":{"line":1,"column":null}},"1":{"start":{"line":3,"column":12},"end":{"line":3,"column":20}},"2":{"start":{"line":5,"column":10},"end":{"line":5,"column":30}},"3":{"start":{"line":6,"column":16},"end":{"line":6,"column":39}},"4":{"start":{"line":8,"column":22},"end":{"line":8,"column":56}},"5":{"start":{"line":9,"column":18},"end":{"line":9,"column":36}},"6":{"start":{"line":10,"column":0},"end":{"line":10,"column":null}},"7":{"start":{"line":10,"column":23},"end":{"line":10,"column":42}},"8":{"start":{"line":10,"column":64},"end":{"line":10,"column":73}},"9":{"start":{"line":12,"column":20},"end":{"line":12,"column":109}},"10":{"start":{"line":12,"column":48},"end":{"line":12,"column":109}},"11":{"start":{"line":12,"column":81},"end":{"line":12,"column":93}},"12":{"start":{"line":14,"column":26},"end":{"line":14,"column":111}},"13":{"start":{"line":14,"column":46},"end":{"line":14,"column":111}},"14":{"start":{"line":14,"column":63},"end":{"line":14,"column":99}},"15":{"start":{"line":16,"column":22},"end":{"line":16,"column":98}},"16":{"start":{"line":16,"column":42},"end":{"line":16,"column":98}},"17":{"start":{"line":16,"column":59},"end":{"line":16,"column":86}},"18":{"start":{"line":18,"column":13},"end":{"line":34,"column":1}},"19":{"start":{"line":18,"column":38},"end":{"line":34,"column":1}},"20":{"start":{"line":19,"column":15},"end":{"line":19,"column":40}},"21":{"start":{"line":21,"column":2},"end":{"line":33,"column":null}},"22":{"start":{"line":34,"column":1},"end":{"line":34,"column":null}}},"fnMap":{"0":{"name":"(anonymous_0)","decl":{"start":{"line":10,"column":17},"end":{"line":10,"column":18}},"loc":{"start":{"line":10,"column":23},"end":{"line":10,"column":42}}},"1":{"name":"(anonymous_1)","decl":{"start":{"line":10,"column":58},"end":{"line":10,"column":64}},"loc":{"start":{"line":10,"column":64},"end":{"line":10,"column":73}}},"2":{"name":"(anonymous_2)","decl":{"start":{"line":12,"column":20},"end":{"line":12,"column":21}},"loc":{"start":{"line":12,"column":48},"end":{"line":12,"column":109}}},"3":{"name":"(anonymous_3)","decl":{"start":{"line":12,"column":74},"end":{"line":12,"column":75}},"loc":{"start":{"line":12,"column":81},"end":{"line":12,"column":93}}},"4":{"name":"(anonymous_4)","decl":{"start":{"line":14,"column":26},"end":{"line":14,"column":27}},"loc":{"start":{"line":14,"column":46},"end":{"line":14,"column":111}}},"5":{"name":"(anonymous_5)","decl":{"start":{"line":14,"column":56},"end":{"line":14,"column":57}},"loc":{"start":{"line":14,"column":63},"end":{"line":14,"column":99}}},"6":{"name":"(anonymous_6)","decl":{"start":{"line":16,"column":22},"end":{"line":16,"column":23}},"loc":{"start":{"line":16,"column":42},"end":{"line":16,"column":98}}},"7":{"name":"(anonymous_7)","decl":{"start":{"line":16,"column":52},"end":{"line":16,"column":53}},"loc":{"start":{"line":16,"column":59},"end":{"line":16,"column":86}}},"8":{"name":"(anonymous_8)","decl":{"start":{"line":18,"column":13},"end":{"line":18,"column":14}},"loc":{"start":{"line":18,"column":38},"end":{"line":34,"column":1}}},"9":{"name":"(anonymous_9)","decl":{"start":{"line":18,"column":38},"end":{"line":18,"column":39}},"loc":{"start":{"line":18,"column":52},"end":{"line":34,"column":1}}}},"branchMap":{},"s":{"0":0,"1":0,"2":0,"3":0,"4":0,"5":0,"6":0,"7":0,"8":0,"9":0,"10":0,"11":0,"12":0,"13":0,"14":0,"15":0,"16":0,"17":0,"18":0,"19":0,"20":0,"21":0,"22":0},"f":{"0":0,"1":0,"2":0,"3":0,"4":0,"5":0,"6":0,"7":0,"8":0,"9":0},"b":{}}
,"/Users/zane/.liq/playground/liquid-labs/liq-orgs/src/handlers/orgs/parameters-detail.mjs": {"path":"/Users/zane/.liq/playground/liquid-labs/liq-orgs/src/handlers/orgs/parameters-detail.mjs","statementMap":{"0":{"start":{"line":1,"column":0},"end":{"line":1,"column":null}},"1":{"start":{"line":3,"column":0},"end":{"line":3,"column":null}},"2":{"start":{"line":5,"column":12},"end":{"line":5,"column":20}},"3":{"start":{"line":6,"column":10},"end":{"line":6,"column":73}},"4":{"start":{"line":7,"column":16},"end":{"line":7,"column":21}},"5":{"start":{"line":9,"column":13},"end":{"line":46,"column":1}},"6":{"start":{"line":10,"column":2},"end":{"line":17,"column":null}},"7":{"start":{"line":12,"column":18},"end":{"line":12,"column":36}},"8":{"start":{"line":13,"column":25},"end":{"line":13,"column":44}},"9":{"start":{"line":14,"column":6},"end":{"line":14,"column":null}},"10":{"start":{"line":14,"column":35},"end":{"line":14,"column":41}},"11":{"start":{"line":19,"column":2},"end":{"line":45,"column":null}},"12":{"start":{"line":20,"column":16},"end":{"line":20,"column":64}},"13":{"start":{"line":21,"column":4},"end":{"line":21,"column":null}},"14":{"start":{"line":21,"column":23},"end":{"line":21,"column":null}},"15":{"start":{"line":23,"column":29},"end":{"line":23,"column":37}},"16":{"start":{"line":25,"column":18},"end":{"line":25,"column":46}},"17":{"start":{"line":27,"column":20},"end":{"line":27,"column":71}},"18":{"start":{"line":28,"column":25},"end":{"line":28,"column":45}},"19":{"start":{"line":29,"column":4},"end":{"line":32,"column":null}},"20":{"start":{"line":30,"column":6},"end":{"line":30,"column":null}},"21":{"start":{"line":31,"column":6},"end":{"line":31,"column":null}},"22":{"start":{"line":35,"column":4},"end":{"line":35,"column":null}},"23":{"start":{"line":37,"column":4},"end":{"line":44,"column":null}},"24":{"start":{"line":39,"column":6},"end":{"line":39,"column":75}},"25":{"start":{"line":39,"column":75},"end":{"line":39,"column":null}},"26":{"start":{"line":41,"column":6},"end":{"line":41,"column":45}},"27":{"start":{"line":41,"column":45},"end":{"line":41,"column":null}},"28":{"start":{"line":43,"column":6},"end":{"line":43,"column":null}},"29":{"start":{"line":46,"column":1},"end":{"line":46,"column":null}}},"fnMap":{"0":{"name":"(anonymous_0)","decl":{"start":{"line":9,"column":13},"end":{"line":9,"column":14}},"loc":{"start":{"line":9,"column":43},"end":{"line":46,"column":1}}},"1":{"name":"(anonymous_1)","decl":{"start":{"line":11,"column":21},"end":{"line":11,"column":22}},"loc":{"start":{"line":11,"column":37},"end":{"line":15,"column":5}}},"2":{"name":"(anonymous_2)","decl":{"start":{"line":14,"column":29},"end":{"line":14,"column":30}},"loc":{"start":{"line":14,"column":35},"end":{"line":14,"column":41}}},"3":{"name":"(anonymous_3)","decl":{"start":{"line":19,"column":9},"end":{"line":19,"column":10}},"loc":{"start":{"line":19,"column":23},"end":{"line":45,"column":3}}}},"branchMap":{"0":{"loc":{"start":{"line":21,"column":4},"end":{"line":21,"column":null}},"type":"if","locations":[{"start":{"line":21,"column":4},"end":{"line":21,"column":null}}]},"1":{"loc":{"start":{"line":29,"column":4},"end":{"line":32,"column":null}},"type":"if","locations":[{"start":{"line":29,"column":4},"end":{"line":32,"column":null}}]},"2":{"loc":{"start":{"line":37,"column":4},"end":{"line":44,"column":null}},"type":"switch","locations":[{"start":{"line":38,"column":4},"end":{"line":39,"column":null}},{"start":{"line":40,"column":4},"end":{"line":41,"column":null}},{"start":{"line":42,"column":4},"end":{"line":43,"column":null}}]}},"s":{"0":0,"1":0,"2":0,"3":0,"4":0,"5":0,"6":0,"7":0,"8":0,"9":0,"10":0,"11":0,"12":0,"13":0,"14":0,"15":0,"16":0,"17":0,"18":0,"19":0,"20":0,"21":0,"22":0,"23":0,"24":0,"25":0,"26":0,"27":0,"28":0,"29":0},"f":{"0":0,"1":0,"2":0,"3":0},"b":{"0":[0],"1":[0],"2":[0,0,0]}}
,"/Users/zane/.liq/playground/liquid-labs/liq-orgs/src/handlers/orgs/parameters-list.mjs": {"path":"/Users/zane/.liq/playground/liquid-labs/liq-orgs/src/handlers/orgs/parameters-list.mjs","statementMap":{"0":{"start":{"line":1,"column":0},"end":{"line":1,"column":null}},"1":{"start":{"line":3,"column":0},"end":{"line":3,"column":null}},"2":{"start":{"line":5,"column":12},"end":{"line":5,"column":20}},"3":{"start":{"line":6,"column":10},"end":{"line":6,"column":55}},"4":{"start":{"line":7,"column":16},"end":{"line":7,"column":39}},"5":{"start":{"line":9,"column":22},"end":{"line":9,"column":39}},"6":{"start":{"line":10,"column":18},"end":{"line":10,"column":36}},"7":{"start":{"line":11,"column":0},"end":{"line":11,"column":null}},"8":{"start":{"line":11,"column":23},"end":{"line":11,"column":42}},"9":{"start":{"line":11,"column":64},"end":{"line":11,"column":73}},"10":{"start":{"line":13,"column":20},"end":{"line":14,"column":84}},"11":{"start":{"line":14,"column":3},"end":{"line":14,"column":84}},"12":{"start":{"line":14,"column":42},"end":{"line":14,"column":68}},"13":{"start":{"line":16,"column":26},"end":{"line":17,"column":79}},"14":{"start":{"line":17,"column":2},"end":{"line":17,"column":79}},"15":{"start":{"line":17,"column":25},"end":{"line":17,"column":60}},"16":{"start":{"line":19,"column":22},"end":{"line":20,"column":68}},"17":{"start":{"line":20,"column":2},"end":{"line":20,"column":68}},"18":{"start":{"line":20,"column":25},"end":{"line":20,"column":49}},"19":{"start":{"line":22,"column":13},"end":{"line":41,"column":1}},"20":{"start":{"line":22,"column":38},"end":{"line":41,"column":1}},"21":{"start":{"line":23,"column":14},"end":{"line":23,"column":62}},"22":{"start":{"line":24,"column":2},"end":{"line":24,"column":null}},"23":{"start":{"line":24,"column":21},"end":{"line":24,"column":null}},"24":{"start":{"line":26,"column":21},"end":{"line":26,"column":40}},"25":{"start":{"line":28,"column":2},"end":{"line":40,"column":null}},"26":{"start":{"line":41,"column":1},"end":{"line":41,"column":null}}},"fnMap":{"0":{"name":"(anonymous_0)","decl":{"start":{"line":11,"column":17},"end":{"line":11,"column":18}},"loc":{"start":{"line":11,"column":23},"end":{"line":11,"column":42}}},"1":{"name":"(anonymous_1)","decl":{"start":{"line":11,"column":58},"end":{"line":11,"column":64}},"loc":{"start":{"line":11,"column":64},"end":{"line":11,"column":73}}},"2":{"name":"(anonymous_2)","decl":{"start":{"line":13,"column":20},"end":{"line":13,"column":21}},"loc":{"start":{"line":14,"column":3},"end":{"line":14,"column":84}}},"3":{"name":"(anonymous_3)","decl":{"start":{"line":14,"column":35},"end":{"line":14,"column":36}},"loc":{"start":{"line":14,"column":42},"end":{"line":14,"column":68}}},"4":{"name":"(anonymous_4)","decl":{"start":{"line":16,"column":26},"end":{"line":16,"column":27}},"loc":{"start":{"line":17,"column":2},"end":{"line":17,"column":79}}},"5":{"name":"(anonymous_5)","decl":{"start":{"line":17,"column":18},"end":{"line":17,"column":19}},"loc":{"start":{"line":17,"column":25},"end":{"line":17,"column":60}}},"6":{"name":"(anonymous_6)","decl":{"start":{"line":19,"column":22},"end":{"line":19,"column":23}},"loc":{"start":{"line":20,"column":2},"end":{"line":20,"column":68}}},"7":{"name":"(anonymous_7)","decl":{"start":{"line":20,"column":18},"end":{"line":20,"column":19}},"loc":{"start":{"line":20,"column":25},"end":{"line":20,"column":49}}},"8":{"name":"(anonymous_8)","decl":{"start":{"line":22,"column":13},"end":{"line":22,"column":14}},"loc":{"start":{"line":22,"column":38},"end":{"line":41,"column":1}}},"9":{"name":"(anonymous_9)","decl":{"start":{"line":22,"column":38},"end":{"line":22,"column":39}},"loc":{"start":{"line":22,"column":52},"end":{"line":41,"column":1}}}},"branchMap":{"0":{"loc":{"start":{"line":24,"column":2},"end":{"line":24,"column":null}},"type":"if","locations":[{"start":{"line":24,"column":2},"end":{"line":24,"column":null}}]}},"s":{"0":0,"1":0,"2":0,"3":0,"4":0,"5":0,"6":0,"7":0,"8":0,"9":0,"10":0,"11":0,"12":0,"13":0,"14":0,"15":0,"16":0,"17":0,"18":0,"19":0,"20":0,"21":0,"22":0,"23":0,"24":0,"25":0,"26":0},"f":{"0":0,"1":0,"2":0,"3":0,"4":0,"5":0,"6":0,"7":0,"8":0,"9":0},"b":{"0":[0]}}
,"/Users/zane/.liq/playground/liquid-labs/liq-orgs/src/handlers/orgs/parameters-set.mjs": {"path":"/Users/zane/.liq/playground/liquid-labs/liq-orgs/src/handlers/orgs/parameters-set.mjs","statementMap":{"0":{"start":{"line":1,"column":0},"end":{"line":1,"column":null}},"1":{"start":{"line":3,"column":12},"end":{"line":3,"column":20}},"2":{"start":{"line":4,"column":10},"end":{"line":4,"column":70}},"3":{"start":{"line":5,"column":16},"end":{"line":39,"column":null}},"4":{"start":{"line":42,"column":19},"end":{"line":49,"column":1}},"5":{"start":{"line":43,"column":2},"end":{"line":43,"column":null}},"6":{"start":{"line":45,"column":2},"end":{"line":46,"column":null}},"7":{"start":{"line":45,"column":60},"end":{"line":45,"column":null}},"8":{"start":{"line":46,"column":7},"end":{"line":46,"column":null}},"9":{"start":{"line":46,"column":71},"end":{"line":46,"column":null}},"10":{"start":{"line":48,"column":2},"end":{"line":48,"column":null}},"11":{"start":{"line":51,"column":13},"end":{"line":103,"column":1}},"12":{"start":{"line":62,"column":2},"end":{"line":102,"column":null}},"13":{"start":{"line":63,"column":16},"end":{"line":63,"column":64}},"14":{"start":{"line":64,"column":4},"end":{"line":64,"column":null}},"15":{"start":{"line":64,"column":23},"end":{"line":64,"column":null}},"16":{"start":{"line":66,"column":99},"end":{"line":66,"column":107}},"17":{"start":{"line":67,"column":24},"end":{"line":79,"column":23}},"18":{"start":{"line":81,"column":4},"end":{"line":81,"column":null}},"19":{"start":{"line":82,"column":4},"end":{"line":82,"column":null}},"20":{"start":{"line":84,"column":20},"end":{"line":84,"column":71}},"21":{"start":{"line":85,"column":25},"end":{"line":85,"column":45}},"22":{"start":{"line":86,"column":4},"end":{"line":89,"column":null}},"23":{"start":{"line":87,"column":6},"end":{"line":87,"column":null}},"24":{"start":{"line":88,"column":6},"end":{"line":88,"column":null}},"25":{"start":{"line":92,"column":4},"end":{"line":92,"column":null}},"26":{"start":{"line":94,"column":4},"end":{"line":101,"column":null}},"27":{"start":{"line":96,"column":6},"end":{"line":96,"column":84}},"28":{"start":{"line":96,"column":84},"end":{"line":96,"column":null}},"29":{"start":{"line":98,"column":6},"end":{"line":98,"column":63}},"30":{"start":{"line":98,"column":63},"end":{"line":98,"column":null}},"31":{"start":{"line":100,"column":6},"end":{"line":100,"column":null}},"32":{"start":{"line":103,"column":1},"end":{"line":103,"column":null}}},"fnMap":{"0":{"name":"(anonymous_0)","decl":{"start":{"line":42,"column":19},"end":{"line":42,"column":24}},"loc":{"start":{"line":42,"column":29},"end":{"line":49,"column":1}}},"1":{"name":"(anonymous_1)","decl":{"start":{"line":51,"column":13},"end":{"line":51,"column":14}},"loc":{"start":{"line":51,"column":43},"end":{"line":103,"column":1}}},"2":{"name":"(anonymous_2)","decl":{"start":{"line":62,"column":9},"end":{"line":62,"column":10}},"loc":{"start":{"line":62,"column":23},"end":{"line":102,"column":3}}}},"branchMap":{"0":{"loc":{"start":{"line":45,"column":2},"end":{"line":46,"column":null}},"type":"if","locations":[{"start":{"line":45,"column":2},"end":{"line":46,"column":null}},{"start":{"line":46,"column":7},"end":{"line":46,"column":null}}]},"1":{"loc":{"start":{"line":45,"column":6},"end":{"line":45,"column":58}},"type":"binary-expr","locations":[{"start":{"line":45,"column":6},"end":{"line":45,"column":23}},{"start":{"line":45,"column":27},"end":{"line":45,"column":41}},{"start":{"line":45,"column":45},"end":{"line":45,"column":58}}]},"2":{"loc":{"start":{"line":46,"column":7},"end":{"line":46,"column":null}},"type":"if","locations":[{"start":{"line":46,"column":7},"end":{"line":46,"column":null}}]},"3":{"loc":{"start":{"line":46,"column":11},"end":{"line":46,"column":69}},"type":"binary-expr","locations":[{"start":{"line":46,"column":11},"end":{"line":46,"column":27}},{"start":{"line":46,"column":31},"end":{"line":46,"column":46}},{"start":{"line":46,"column":50},"end":{"line":46,"column":69}}]},"4":{"loc":{"start":{"line":64,"column":4},"end":{"line":64,"column":null}},"type":"if","locations":[{"start":{"line":64,"column":4},"end":{"line":64,"column":null}}]},"5":{"loc":{"start":{"line":67,"column":24},"end":{"line":79,"column":23}},"type":"cond-expr","locations":[{"start":{"line":68,"column":8},"end":{"line":68,"column":17}},{"start":{"line":69,"column":8},"end":{"line":79,"column":23}}]},"6":{"loc":{"start":{"line":69,"column":8},"end":{"line":79,"column":23}},"type":"cond-expr","locations":[{"start":{"line":70,"column":10},"end":{"line":70,"column":14}},{"start":{"line":71,"column":10},"end":{"line":79,"column":23}}]},"7":{"loc":{"start":{"line":71,"column":10},"end":{"line":79,"column":23}},"type":"cond-expr","locations":[{"start":{"line":72,"column":12},"end":{"line":72,"column":28}},{"start":{"line":73,"column":12},"end":{"line":79,"column":23}}]},"8":{"loc":{"start":{"line":73,"column":12},"end":{"line":79,"column":23}},"type":"cond-expr","locations":[{"start":{"line":74,"column":14},"end":{"line":74,"column":29}},{"start":{"line":75,"column":14},"end":{"line":79,"column":23}}]},"9":{"loc":{"start":{"line":75,"column":14},"end":{"line":79,"column":23}},"type":"cond-expr","locations":[{"start":{"line":76,"column":16},"end":{"line":76,"column":33}},{"start":{"line":77,"column":16},"end":{"line":79,"column":23}}]},"10":{"loc":{"start":{"line":77,"column":16},"end":{"line":79,"column":23}},"type":"cond-expr","locations":[{"start":{"line":78,"column":18},"end":{"line":78,"column":42}},{"start":{"line":79,"column":18},"end":{"line":79,"column":23}}]},"11":{"loc":{"start":{"line":86,"column":4},"end":{"line":89,"column":null}},"type":"if","locations":[{"start":{"line":86,"column":4},"end":{"line":89,"column":null}}]},"12":{"loc":{"start":{"line":94,"column":4},"end":{"line":101,"column":null}},"type":"switch","locations":[{"start":{"line":95,"column":4},"end":{"line":96,"column":null}},{"start":{"line":97,"column":4},"end":{"line":98,"column":null}},{"start":{"line":99,"column":4},"end":{"line":100,"column":null}}]}},"s":{"0":0,"1":0,"2":0,"3":0,"4":0,"5":0,"6":0,"7":0,"8":0,"9":0,"10":0,"11":0,"12":0,"13":0,"14":0,"15":0,"16":0,"17":0,"18":0,"19":0,"20":0,"21":0,"22":0,"23":0,"24":0,"25":0,"26":0,"27":0,"28":0,"29":0,"30":0,"31":0,"32":0},"f":{"0":0,"1":0,"2":0},"b":{"0":[0,0],"1":[0,0,0],"2":[0],"3":[0,0,0],"4":[0],"5":[0,0],"6":[0,0],"7":[0,0],"8":[0,0],"9":[0,0],"10":[0,0],"11":[0],"12":[0,0,0]}}
,"/Users/zane/.liq/playground/liquid-labs/liq-orgs/src/handlers/orgs/_lib/parameters-lib.mjs": {"path":"/Users/zane/.liq/playground/liquid-labs/liq-orgs/src/handlers/orgs/_lib/parameters-lib.mjs","statementMap":{"0":{"start":{"line":1,"column":18},"end":{"line":1,"column":29}},"1":{"start":{"line":3,"column":24},"end":{"line":21,"column":1}},"2":{"start":{"line":4,"column":21},"end":{"line":4,"column":23}},"3":{"start":{"line":5,"column":19},"end":{"line":5,"column":57}},"4":{"start":{"line":7,"column":2},"end":{"line":18,"column":null}},"5":{"start":{"line":8,"column":29},"end":{"line":8,"column":45}},"6":{"start":{"line":10,"column":4},"end":{"line":17,"column":null}},"7":{"start":{"line":11,"column":6},"end":{"line":16,"column":null}},"8":{"start":{"line":12,"column":8},"end":{"line":12,"column":null}},"9":{"start":{"line":15,"column":8},"end":{"line":15,"column":null}},"10":{"start":{"line":20,"column":2},"end":{"line":20,"column":null}},"11":{"start":{"line":21,"column":1},"end":{"line":21,"column":null}}},"fnMap":{"0":{"name":"(anonymous_0)","decl":{"start":{"line":3,"column":24},"end":{"line":3,"column":27}},"loc":{"start":{"line":3,"column":32},"end":{"line":21,"column":1}}}},"branchMap":{"0":{"loc":{"start":{"line":11,"column":6},"end":{"line":16,"column":null}},"type":"if","locations":[{"start":{"line":11,"column":6},"end":{"line":16,"column":null}},{"start":{"line":14,"column":11},"end":{"line":16,"column":null}}]}},"s":{"0":0,"1":0,"2":0,"3":0,"4":0,"5":0,"6":0,"7":0,"8":0,"9":0,"10":0,"11":0},"f":{"0":0},"b":{"0":[0,0]}}
,"/Users/zane/.liq/playground/liquid-labs/liq-orgs/src/resources/organization.mjs": {"path":"/Users/zane/.liq/playground/liquid-labs/liq-orgs/src/resources/organization.mjs","statementMap":{"0":{"start":{"line":1,"column":0},"end":{"line":1,"column":null}},"1":{"start":{"line":2,"column":0},"end":{"line":2,"column":null}},"2":{"start":{"line":4,"column":0},"end":{"line":4,"column":null}},"3":{"start":{"line":6,"column":0},"end":{"line":6,"column":null}},"4":{"start":{"line":8,"column":0},"end":{"line":8,"column":74}},"5":{"start":{"line":8,"column":74},"end":{"line":8,"column":null}},"6":{"start":{"line":10,"column":18},"end":{"line":70,"column":null}},"7":{"start":{"line":25,"column":4},"end":{"line":25,"column":null}},"8":{"start":{"line":25,"column":11},"end":{"line":25,"column":null}},"9":{"start":{"line":27,"column":4},"end":{"line":27,"column":null}},"10":{"start":{"line":28,"column":4},"end":{"line":28,"column":null}},"11":{"start":{"line":29,"column":4},"end":{"line":29,"column":null}},"12":{"start":{"line":31,"column":25},"end":{"line":31,"column":81}},"13":{"start":{"line":32,"column":4},"end":{"line":40,"column":null}},"14":{"start":{"line":33,"column":30},"end":{"line":33,"column":79}},"15":{"start":{"line":34,"column":6},"end":{"line":34,"column":null}},"16":{"start":{"line":37,"column":6},"end":{"line":39,"column":null}},"17":{"start":{"line":38,"column":8},"end":{"line":38,"column":null}},"18":{"start":{"line":44,"column":4},"end":{"line":44,"column":null}},"19":{"start":{"line":48,"column":4},"end":{"line":48,"column":null}},"20":{"start":{"line":52,"column":4},"end":{"line":52,"column":null}},"21":{"start":{"line":55,"column":21},"end":{"line":55,"column":59}},"22":{"start":{"line":57,"column":20},"end":{"line":57,"column":57}},"23":{"start":{"line":60,"column":4},"end":{"line":60,"column":null}},"24":{"start":{"line":64,"column":4},"end":{"line":64,"column":null}},"25":{"start":{"line":68,"column":4},"end":{"line":68,"column":null}}},"fnMap":{"0":{"name":"_getRequireWildcardCache","decl":{"start":{"line":8,"column":74},"end":{"line":8,"column":null}},"loc":{"start":{"line":8,"column":74},"end":{"line":8,"column":null}}},"1":{"name":"(anonymous_3)","decl":{"start":{"line":24,"column":2},"end":{"line":24,"column":13}},"loc":{"start":{"line":24,"column":46},"end":{"line":41,"column":null}}},"2":{"name":"(anonymous_4)","decl":{"start":{"line":43,"column":2},"end":{"line":43,"column":6}},"loc":{"start":{"line":43,"column":13},"end":{"line":45,"column":null}}},"3":{"name":"(anonymous_5)","decl":{"start":{"line":47,"column":2},"end":{"line":47,"column":6}},"loc":{"start":{"line":47,"column":16},"end":{"line":49,"column":null}}},"4":{"name":"(anonymous_6)","decl":{"start":{"line":51,"column":2},"end":{"line":51,"column":6}},"loc":{"start":{"line":51,"column":20},"end":{"line":53,"column":null}}},"5":{"name":"(anonymous_7)","decl":{"start":{"line":55,"column":2},"end":{"line":55,"column":6}},"loc":{"start":{"line":55,"column":19},"end":{"line":55,"column":null}}},"6":{"name":"(anonymous_8)","decl":{"start":{"line":57,"column":2},"end":{"line":57,"column":6}},"loc":{"start":{"line":57,"column":18},"end":{"line":57,"column":null}}},"7":{"name":"(anonymous_9)","decl":{"start":{"line":59,"column":2},"end":{"line":59,"column":12}},"loc":{"start":{"line":59,"column":22},"end":{"line":61,"column":null}}},"8":{"name":"(anonymous_10)","decl":{"start":{"line":63,"column":2},"end":{"line":63,"column":15}},"loc":{"start":{"line":63,"column":32},"end":{"line":65,"column":null}}},"9":{"name":"(anonymous_11)","decl":{"start":{"line":67,"column":2},"end":{"line":67,"column":16}},"loc":{"start":{"line":67,"column":26},"end":{"line":69,"column":null}}}},"branchMap":{"0":{"loc":{"start":{"line":8,"column":74},"end":{"line":8,"column":null}},"type":"if","locations":[{"start":{"line":8,"column":74},"end":{"line":8,"column":null}}]},"1":{"loc":{"start":{"line":8,"column":74},"end":{"line":8,"column":null}},"type":"cond-expr","locations":[{"start":{"line":8,"column":74},"end":{"line":8,"column":null}},{"start":{"line":8,"column":74},"end":{"line":8,"column":null}}]},"2":{"loc":{"start":{"line":8,"column":74},"end":{"line":8,"column":null}},"type":"binary-expr","locations":[{"start":{"line":8,"column":74},"end":{"line":8,"column":null}},{"start":{"line":8,"column":74},"end":{"line":8,"column":null}},{"start":{"line":8,"column":74},"end":{"line":8,"column":null}}]},"3":{"loc":{"start":{"line":37,"column":6},"end":{"line":39,"column":null}},"type":"if","locations":[{"start":{"line":37,"column":6},"end":{"line":39,"column":null}}]}},"s":{"0":0,"1":0,"2":0,"3":0,"4":0,"5":0,"6":0,"7":0,"8":0,"9":0,"10":0,"11":0,"12":0,"13":0,"14":0,"15":0,"16":0,"17":0,"18":0,"19":0,"20":0,"21":0,"22":0,"23":0,"24":0,"25":0},"f":{"0":0,"1":0,"2":0,"3":0,"4":0,"5":0,"6":0,"7":0,"8":0,"9":0},"b":{"0":[0],"1":[0,0],"2":[0,0,0],"3":[0]}}
,"/Users/zane/.liq/playground/liquid-labs/liq-orgs/src/resources/lib/settings.mjs": {"path":"/Users/zane/.liq/playground/liquid-labs/liq-orgs/src/resources/lib/settings.mjs","statementMap":{"0":{"start":{"line":1,"column":19},"end":{"line":18,"column":1}},"1":{"start":{"line":2,"column":15},"end":{"line":2,"column":27}},"2":{"start":{"line":3,"column":2},"end":{"line":9,"column":null}},"3":{"start":{"line":7,"column":4},"end":{"line":7,"column":null}},"4":{"start":{"line":11,"column":2},"end":{"line":16,"column":null}},"5":{"start":{"line":12,"column":4},"end":{"line":14,"column":null}},"6":{"start":{"line":13,"column":6},"end":{"line":13,"column":null}},"7":{"start":{"line":15,"column":4},"end":{"line":15,"column":null}},"8":{"start":{"line":17,"column":2},"end":{"line":17,"column":null}},"9":{"start":{"line":20,"column":19},"end":{"line":50,"column":1}},"10":{"start":{"line":21,"column":2},"end":{"line":23,"column":null}},"11":{"start":{"line":22,"column":4},"end":{"line":22,"column":null}},"12":{"start":{"line":25,"column":2},"end":{"line":27,"column":null}},"13":{"start":{"line":26,"column":4},"end":{"line":26,"column":null}},"14":{"start":{"line":30,"column":14},"end":{"line":30,"column":34}},"15":{"start":{"line":31,"column":2},"end":{"line":34,"column":null}},"16":{"start":{"line":32,"column":4},"end":{"line":32,"column":null}},"17":{"start":{"line":33,"column":4},"end":{"line":33,"column":null}},"18":{"start":{"line":37,"column":2},"end":{"line":37,"column":null}},"19":{"start":{"line":38,"column":19},"end":{"line":38,"column":37}},"20":{"start":{"line":40,"column":2},"end":{"line":47,"column":null}},"21":{"start":{"line":41,"column":4},"end":{"line":46,"column":null}},"22":{"start":{"line":42,"column":6},"end":{"line":42,"column":null}},"23":{"start":{"line":45,"column":6},"end":{"line":45,"column":null}},"24":{"start":{"line":48,"column":2},"end":{"line":48,"column":null}},"25":{"start":{"line":49,"column":2},"end":{"line":49,"column":null}},"26":{"start":{"line":50,"column":1},"end":{"line":50,"column":null}},"27":{"start":{"line":52,"column":22},"end":{"line":69,"column":1}},"28":{"start":{"line":53,"column":2},"end":{"line":53,"column":null}},"29":{"start":{"line":55,"column":2},"end":{"line":55,"column":null}},"30":{"start":{"line":55,"column":31},"end":{"line":55,"column":null}},"31":{"start":{"line":57,"column":2},"end":{"line":68,"column":null}},"32":{"start":{"line":58,"column":4},"end":{"line":67,"column":null}},"33":{"start":{"line":59,"column":6},"end":{"line":59,"column":null}},"34":{"start":{"line":60,"column":6},"end":{"line":60,"column":null}},"35":{"start":{"line":63,"column":6},"end":{"line":65,"column":null}},"36":{"start":{"line":64,"column":8},"end":{"line":64,"column":null}},"37":{"start":{"line":66,"column":6},"end":{"line":66,"column":null}},"38":{"start":{"line":69,"column":1},"end":{"line":69,"column":null}},"39":{"start":{"line":71,"column":23},"end":{"line":81,"column":1}},"40":{"start":{"line":72,"column":2},"end":{"line":74,"column":null}},"41":{"start":{"line":73,"column":4},"end":{"line":73,"column":null}},"42":{"start":{"line":76,"column":16},"end":{"line":76,"column":37}},"43":{"start":{"line":77,"column":2},"end":{"line":79,"column":null}},"44":{"start":{"line":78,"column":4},"end":{"line":78,"column":null}},"45":{"start":{"line":80,"column":2},"end":{"line":80,"column":null}},"46":{"start":{"line":81,"column":1},"end":{"line":81,"column":null}}},"fnMap":{"0":{"name":"(anonymous_0)","decl":{"start":{"line":1,"column":19},"end":{"line":1,"column":20}},"loc":{"start":{"line":1,"column":59},"end":{"line":18,"column":1}}},"1":{"name":"(anonymous_1)","decl":{"start":{"line":20,"column":19},"end":{"line":20,"column":20}},"loc":{"start":{"line":20,"column":38},"end":{"line":50,"column":1}}},"2":{"name":"(anonymous_2)","decl":{"start":{"line":52,"column":22},"end":{"line":52,"column":23}},"loc":{"start":{"line":52,"column":48},"end":{"line":69,"column":1}}},"3":{"name":"(anonymous_3)","decl":{"start":{"line":57,"column":35},"end":{"line":57,"column":36}},"loc":{"start":{"line":57,"column":65},"end":{"line":68,"column":3}}},"4":{"name":"(anonymous_4)","decl":{"start":{"line":71,"column":23},"end":{"line":71,"column":24}},"loc":{"start":{"line":71,"column":38},"end":{"line":81,"column":1}}}},"branchMap":{"0":{"loc":{"start":{"line":1,"column":39},"end":{"line":1,"column":54}},"type":"default-arg","locations":[{"start":{"line":1,"column":49},"end":{"line":1,"column":54}}]},"1":{"loc":{"start":{"line":3,"column":2},"end":{"line":9,"column":null}},"type":"switch","locations":[{"start":{"line":4,"column":2},"end":{"line":4,"column":null}},{"start":{"line":5,"column":2},"end":{"line":5,"column":null}},{"start":{"line":6,"column":2},"end":{"line":7,"column":null}},{"start":{"line":8,"column":2},"end":{"line":8,"column":null}}]},"2":{"loc":{"start":{"line":11,"column":2},"end":{"line":16,"column":null}},"type":"if","locations":[{"start":{"line":11,"column":2},"end":{"line":16,"column":null}}]},"3":{"loc":{"start":{"line":11,"column":6},"end":{"line":11,"column":47}},"type":"binary-expr","locations":[{"start":{"line":11,"column":6},"end":{"line":11,"column":26}},{"start":{"line":11,"column":30},"end":{"line":11,"column":47}}]},"4":{"loc":{"start":{"line":21,"column":2},"end":{"line":23,"column":null}},"type":"if","locations":[{"start":{"line":21,"column":2},"end":{"line":23,"column":null}}]},"5":{"loc":{"start":{"line":21,"column":6},"end":{"line":21,"column":47}},"type":"binary-expr","locations":[{"start":{"line":21,"column":6},"end":{"line":21,"column":27}},{"start":{"line":21,"column":31},"end":{"line":21,"column":47}}]},"6":{"loc":{"start":{"line":25,"column":2},"end":{"line":27,"column":null}},"type":"if","locations":[{"start":{"line":25,"column":2},"end":{"line":27,"column":null}}]},"7":{"loc":{"start":{"line":31,"column":2},"end":{"line":34,"column":null}},"type":"if","locations":[{"start":{"line":31,"column":2},"end":{"line":34,"column":null}}]},"8":{"loc":{"start":{"line":41,"column":4},"end":{"line":46,"column":null}},"type":"if","locations":[{"start":{"line":41,"column":4},"end":{"line":46,"column":null}},{"start":{"line":44,"column":9},"end":{"line":46,"column":null}}]},"9":{"loc":{"start":{"line":55,"column":2},"end":{"line":55,"column":null}},"type":"if","locations":[{"start":{"line":55,"column":2},"end":{"line":55,"column":null}}]},"10":{"loc":{"start":{"line":58,"column":4},"end":{"line":67,"column":null}},"type":"if","locations":[{"start":{"line":58,"column":4},"end":{"line":67,"column":null}},{"start":{"line":62,"column":9},"end":{"line":67,"column":null}}]},"11":{"loc":{"start":{"line":63,"column":6},"end":{"line":65,"column":null}},"type":"if","locations":[{"start":{"line":63,"column":6},"end":{"line":65,"column":null}}]},"12":{"loc":{"start":{"line":72,"column":2},"end":{"line":74,"column":null}},"type":"if","locations":[{"start":{"line":72,"column":2},"end":{"line":74,"column":null}}]},"13":{"loc":{"start":{"line":77,"column":2},"end":{"line":79,"column":null}},"type":"if","locations":[{"start":{"line":77,"column":2},"end":{"line":79,"column":null}}]}},"s":{"0":1,"1":51,"2":51,"3":44,"4":7,"5":2,"6":6,"7":2,"8":5,"9":1,"10":33,"11":1,"12":32,"13":8,"14":32,"15":32,"16":6,"17":6,"18":26,"19":26,"20":26,"21":44,"22":43,"23":1,"24":25,"25":23,"26":1,"27":1,"28":14,"29":11,"30":4,"31":11,"32":19,"33":11,"34":11,"35":8,"36":4,"37":8,"38":1,"39":1,"40":12,"41":1,"42":11,"43":10,"44":1,"45":9,"46":1},"f":{"0":51,"1":33,"2":14,"3":19,"4":12},"b":{"0":[45],"1":[0,6,44,7],"2":[2],"3":[7,2],"4":[1],"5":[33,32],"6":[8],"7":[6],"8":[43,1],"9":[4],"10":[11,8],"11":[4],"12":[1],"13":[1]}}
}
